2023-04-15 15:20:12,046 INFO  [restartedMain] com.runners.cinema.CinemaApplication:Starting CinemaApplication using Java 11.0.16 on fatma with PID 13268 (C:\Users\Fatma Turan\Desktop\OrtakProje Dosyasi\Cinema-Project\target\classes started by Fatma Turan in C:\Users\Fatma Turan\Desktop\OrtakProje Dosyasi\Cinema-Project)
2023-04-15 15:20:12,055 INFO  [restartedMain] com.runners.cinema.CinemaApplication:No active profile set, falling back to 1 default profile: "default"
2023-04-15 15:20:12,164 INFO  [restartedMain] org.springframework.boot.devtools.env.DevToolsPropertyDefaultsPostProcessor:Devtools property defaults active! Set 'spring.devtools.add-properties' to 'false' to disable
2023-04-15 15:20:12,165 INFO  [restartedMain] org.springframework.boot.devtools.env.DevToolsPropertyDefaultsPostProcessor:For additional web related logging consider setting the 'logging.level.web' property to 'DEBUG'
2023-04-15 15:20:14,294 INFO  [restartedMain] org.springframework.data.repository.config.RepositoryConfigurationDelegate:Bootstrapping Spring Data JPA repositories in DEFAULT mode.
2023-04-15 15:20:14,516 INFO  [restartedMain] org.springframework.data.repository.config.RepositoryConfigurationDelegate:Finished Spring Data repository scanning in 192 ms. Found 2 JPA repository interfaces.
2023-04-15 15:20:16,916 INFO  [restartedMain] org.springframework.boot.web.embedded.tomcat.TomcatWebServer:Tomcat initialized with port(s): 8080 (http)
2023-04-15 15:20:16,931 INFO  [restartedMain] org.apache.catalina.core.StandardService:Starting service [Tomcat]
2023-04-15 15:20:16,932 INFO  [restartedMain] org.apache.catalina.core.StandardEngine:Starting Servlet engine: [Apache Tomcat/9.0.73]
2023-04-15 15:20:17,123 INFO  [restartedMain] org.apache.catalina.core.ContainerBase.[Tomcat].[localhost].[/]:Initializing Spring embedded WebApplicationContext
2023-04-15 15:20:17,124 INFO  [restartedMain] org.springframework.boot.web.servlet.context.ServletWebServerApplicationContext:Root WebApplicationContext: initialization completed in 4958 ms
2023-04-15 15:20:18,200 INFO  [restartedMain] org.hibernate.jpa.internal.util.LogHelper:HHH000204: Processing PersistenceUnitInfo [name: default]
2023-04-15 15:20:18,306 INFO  [restartedMain] org.hibernate.Version:HHH000412: Hibernate ORM core version 5.6.15.Final
2023-04-15 15:20:18,570 INFO  [restartedMain] org.hibernate.annotations.common.Version:HCANN000001: Hibernate Commons Annotations {5.1.2.Final}
2023-04-15 15:20:18,720 INFO  [restartedMain] com.zaxxer.hikari.HikariDataSource:HikariPool-1 - Starting...
2023-04-15 15:20:18,995 INFO  [restartedMain] com.zaxxer.hikari.HikariDataSource:HikariPool-1 - Start completed.
2023-04-15 15:20:19,024 INFO  [restartedMain] org.hibernate.dialect.Dialect:HHH000400: Using dialect: org.hibernate.dialect.PostgreSQLDialect
2023-04-15 15:20:21,770 INFO  [restartedMain] org.hibernate.engine.transaction.jta.platform.internal.JtaPlatformInitiator:HHH000490: Using JtaPlatform implementation: [org.hibernate.engine.transaction.jta.platform.internal.NoJtaPlatform]
2023-04-15 15:20:21,791 INFO  [restartedMain] org.springframework.orm.jpa.LocalContainerEntityManagerFactoryBean:Initialized JPA EntityManagerFactory for persistence unit 'default'
2023-04-15 15:20:22,552 ERROR [restartedMain] org.springframework.boot.web.embedded.tomcat.TomcatStarter:Error starting Tomcat context. Exception: org.springframework.beans.factory.UnsatisfiedDependencyException. Message: Error creating bean with name 'securityConfig': Unsatisfied dependency expressed through field 'userDetailsService'; nested exception is org.springframework.beans.factory.UnsatisfiedDependencyException: Error creating bean with name 'userDetailsServiceImpl': Unsatisfied dependency expressed through field 'userService'; nested exception is org.springframework.beans.factory.UnsatisfiedDependencyException: Error creating bean with name 'userService' defined in file [C:\Users\Fatma Turan\Desktop\OrtakProje Dosyasi\Cinema-Project\target\classes\com\runners\cinema\service\UserService.class]: Unsatisfied dependency expressed through constructor parameter 3; nested exception is org.springframework.beans.factory.NoSuchBeanDefinitionException: No qualifying bean of type 'com.runners.cinema.convertor.UserConvertor' available: expected at least 1 bean which qualifies as autowire candidate. Dependency annotations: {}
2023-04-15 15:20:22,613 INFO  [restartedMain] org.apache.catalina.core.StandardService:Stopping service [Tomcat]
2023-04-15 15:20:22,620 WARN  [restartedMain] org.apache.catalina.loader.WebappClassLoaderBase:The web application [ROOT] appears to have started a thread named [HikariPool-1 housekeeper] but has failed to stop it. This is very likely to create a memory leak. Stack trace of thread:
 java.base@11.0.16/jdk.internal.misc.Unsafe.park(Native Method)
 java.base@11.0.16/java.util.concurrent.locks.LockSupport.parkNanos(LockSupport.java:234)
 java.base@11.0.16/java.util.concurrent.locks.AbstractQueuedSynchronizer$ConditionObject.awaitNanos(AbstractQueuedSynchronizer.java:2123)
 java.base@11.0.16/java.util.concurrent.ScheduledThreadPoolExecutor$DelayedWorkQueue.take(ScheduledThreadPoolExecutor.java:1182)
 java.base@11.0.16/java.util.concurrent.ScheduledThreadPoolExecutor$DelayedWorkQueue.take(ScheduledThreadPoolExecutor.java:899)
 java.base@11.0.16/java.util.concurrent.ThreadPoolExecutor.getTask(ThreadPoolExecutor.java:1054)
 java.base@11.0.16/java.util.concurrent.ThreadPoolExecutor.runWorker(ThreadPoolExecutor.java:1114)
 java.base@11.0.16/java.util.concurrent.ThreadPoolExecutor$Worker.run(ThreadPoolExecutor.java:628)
 java.base@11.0.16/java.lang.Thread.run(Thread.java:834)
2023-04-15 15:20:22,621 WARN  [restartedMain] org.apache.catalina.loader.WebappClassLoaderBase:The web application [ROOT] appears to have started a thread named [HikariPool-1 connection adder] but has failed to stop it. This is very likely to create a memory leak. Stack trace of thread:
 java.base@11.0.16/jdk.internal.misc.Unsafe.park(Native Method)
 java.base@11.0.16/java.util.concurrent.locks.LockSupport.parkNanos(LockSupport.java:234)
 java.base@11.0.16/java.util.concurrent.locks.AbstractQueuedSynchronizer$ConditionObject.awaitNanos(AbstractQueuedSynchronizer.java:2123)
 java.base@11.0.16/java.util.concurrent.LinkedBlockingQueue.poll(LinkedBlockingQueue.java:458)
 java.base@11.0.16/java.util.concurrent.ThreadPoolExecutor.getTask(ThreadPoolExecutor.java:1053)
 java.base@11.0.16/java.util.concurrent.ThreadPoolExecutor.runWorker(ThreadPoolExecutor.java:1114)
 java.base@11.0.16/java.util.concurrent.ThreadPoolExecutor$Worker.run(ThreadPoolExecutor.java:628)
 java.base@11.0.16/java.lang.Thread.run(Thread.java:834)
2023-04-15 15:20:22,625 WARN  [restartedMain] org.springframework.boot.web.servlet.context.AnnotationConfigServletWebServerApplicationContext:Exception encountered during context initialization - cancelling refresh attempt: org.springframework.context.ApplicationContextException: Unable to start web server; nested exception is org.springframework.boot.web.server.WebServerException: Unable to start embedded Tomcat
2023-04-15 15:20:22,626 INFO  [restartedMain] org.springframework.orm.jpa.LocalContainerEntityManagerFactoryBean:Closing JPA EntityManagerFactory for persistence unit 'default'
2023-04-15 15:20:22,634 INFO  [restartedMain] com.zaxxer.hikari.HikariDataSource:HikariPool-1 - Shutdown initiated...
2023-04-15 15:20:22,649 INFO  [restartedMain] com.zaxxer.hikari.HikariDataSource:HikariPool-1 - Shutdown completed.
2023-04-15 15:20:22,686 INFO  [restartedMain] org.springframework.boot.autoconfigure.logging.ConditionEvaluationReportLoggingListener:

Error starting ApplicationContext. To display the conditions report re-run your application with 'debug' enabled.
2023-04-15 15:20:22,737 ERROR [restartedMain] org.springframework.boot.diagnostics.LoggingFailureAnalysisReporter:

***************************
APPLICATION FAILED TO START
***************************

Description:

Parameter 3 of constructor in com.runners.cinema.service.UserService required a bean of type 'com.runners.cinema.convertor.UserConvertor' that could not be found.

The injection point has the following annotations:
	- @org.springframework.beans.factory.annotation.Autowired(required=true)


Action:

Consider defining a bean of type 'com.runners.cinema.convertor.UserConvertor' in your configuration.

2023-04-15 15:21:09,964 INFO  [restartedMain] com.runners.cinema.CinemaApplication:Starting CinemaApplication using Java 11.0.16 on fatma with PID 19380 (C:\Users\Fatma Turan\Desktop\OrtakProje Dosyasi\Cinema-Project\target\classes started by Fatma Turan in C:\Users\Fatma Turan\Desktop\OrtakProje Dosyasi\Cinema-Project)
2023-04-15 15:21:09,965 INFO  [restartedMain] com.runners.cinema.CinemaApplication:No active profile set, falling back to 1 default profile: "default"
2023-04-15 15:21:10,042 INFO  [restartedMain] org.springframework.boot.devtools.env.DevToolsPropertyDefaultsPostProcessor:Devtools property defaults active! Set 'spring.devtools.add-properties' to 'false' to disable
2023-04-15 15:21:10,042 INFO  [restartedMain] org.springframework.boot.devtools.env.DevToolsPropertyDefaultsPostProcessor:For additional web related logging consider setting the 'logging.level.web' property to 'DEBUG'
2023-04-15 15:21:11,391 INFO  [restartedMain] org.springframework.data.repository.config.RepositoryConfigurationDelegate:Bootstrapping Spring Data JPA repositories in DEFAULT mode.
2023-04-15 15:21:11,488 INFO  [restartedMain] org.springframework.data.repository.config.RepositoryConfigurationDelegate:Finished Spring Data repository scanning in 85 ms. Found 2 JPA repository interfaces.
2023-04-15 15:21:12,637 INFO  [restartedMain] org.springframework.boot.web.embedded.tomcat.TomcatWebServer:Tomcat initialized with port(s): 8080 (http)
2023-04-15 15:21:12,653 INFO  [restartedMain] org.apache.catalina.core.StandardService:Starting service [Tomcat]
2023-04-15 15:21:12,654 INFO  [restartedMain] org.apache.catalina.core.StandardEngine:Starting Servlet engine: [Apache Tomcat/9.0.73]
2023-04-15 15:21:12,804 INFO  [restartedMain] org.apache.catalina.core.ContainerBase.[Tomcat].[localhost].[/]:Initializing Spring embedded WebApplicationContext
2023-04-15 15:21:12,805 INFO  [restartedMain] org.springframework.boot.web.servlet.context.ServletWebServerApplicationContext:Root WebApplicationContext: initialization completed in 2762 ms
2023-04-15 15:21:13,320 INFO  [restartedMain] org.hibernate.jpa.internal.util.LogHelper:HHH000204: Processing PersistenceUnitInfo [name: default]
2023-04-15 15:21:13,420 INFO  [restartedMain] org.hibernate.Version:HHH000412: Hibernate ORM core version 5.6.15.Final
2023-04-15 15:21:13,796 INFO  [restartedMain] org.hibernate.annotations.common.Version:HCANN000001: Hibernate Commons Annotations {5.1.2.Final}
2023-04-15 15:21:14,121 INFO  [restartedMain] com.zaxxer.hikari.HikariDataSource:HikariPool-1 - Starting...
2023-04-15 15:21:14,563 INFO  [restartedMain] com.zaxxer.hikari.HikariDataSource:HikariPool-1 - Start completed.
2023-04-15 15:21:14,606 INFO  [restartedMain] org.hibernate.dialect.Dialect:HHH000400: Using dialect: org.hibernate.dialect.PostgreSQLDialect
2023-04-15 15:21:17,215 INFO  [restartedMain] org.hibernate.engine.transaction.jta.platform.internal.JtaPlatformInitiator:HHH000490: Using JtaPlatform implementation: [org.hibernate.engine.transaction.jta.platform.internal.NoJtaPlatform]
2023-04-15 15:21:17,230 INFO  [restartedMain] org.springframework.orm.jpa.LocalContainerEntityManagerFactoryBean:Initialized JPA EntityManagerFactory for persistence unit 'default'
2023-04-15 15:21:18,267 INFO  [restartedMain] org.springframework.security.web.DefaultSecurityFilterChain:Will secure any request with [org.springframework.security.web.session.DisableEncodeUrlFilter@6a843162, org.springframework.security.web.context.request.async.WebAsyncManagerIntegrationFilter@37e9661d, org.springframework.security.web.context.SecurityContextPersistenceFilter@5ece945a, org.springframework.security.web.header.HeaderWriterFilter@1147cf65, org.springframework.security.web.authentication.logout.LogoutFilter@3a3ce95d, com.runners.cinema.security.jwt.AuthTokenFilter@755b1cdd, org.springframework.security.web.savedrequest.RequestCacheAwareFilter@5e72feb0, org.springframework.security.web.servletapi.SecurityContextHolderAwareRequestFilter@1ef23bb9, org.springframework.security.web.authentication.AnonymousAuthenticationFilter@e246b30, org.springframework.security.web.session.SessionManagementFilter@f062d, org.springframework.security.web.access.ExceptionTranslationFilter@55abef34, org.springframework.security.web.access.intercept.FilterSecurityInterceptor@4ba2d255]
2023-04-15 15:21:18,349 WARN  [restartedMain] org.springframework.boot.autoconfigure.orm.jpa.JpaBaseConfiguration$JpaWebConfiguration:spring.jpa.open-in-view is enabled by default. Therefore, database queries may be performed during view rendering. Explicitly configure spring.jpa.open-in-view to disable this warning
2023-04-15 15:21:19,300 INFO  [restartedMain] org.springframework.boot.devtools.autoconfigure.OptionalLiveReloadServer:LiveReload server is running on port 35729
2023-04-15 15:21:19,309 INFO  [restartedMain] org.springframework.boot.actuate.endpoint.web.EndpointLinksResolver:Exposing 14 endpoint(s) beneath base path '/actuator'
2023-04-15 15:21:19,416 INFO  [restartedMain] org.springframework.boot.web.embedded.tomcat.TomcatWebServer:Tomcat started on port(s): 8080 (http) with context path ''
2023-04-15 15:21:19,445 INFO  [restartedMain] com.runners.cinema.CinemaApplication:Started CinemaApplication in 10.183 seconds (JVM running for 10.921)
2023-04-15 15:23:25,609 INFO  [http-nio-8080-exec-2] org.apache.catalina.core.ContainerBase.[Tomcat].[localhost].[/]:Initializing Spring DispatcherServlet 'dispatcherServlet'
2023-04-15 15:23:25,866 ERROR [http-nio-8080-exec-2] com.runners.cinema.security.jwt.JwtUtils:JwtToken validation Error : JWT signature does not match locally computed signature. JWT validity cannot be asserted and should not be trusted.
2023-04-15 15:24:16,812 INFO  [SpringApplicationShutdownHook] org.springframework.orm.jpa.LocalContainerEntityManagerFactoryBean:Closing JPA EntityManagerFactory for persistence unit 'default'
2023-04-15 15:24:16,826 INFO  [SpringApplicationShutdownHook] com.zaxxer.hikari.HikariDataSource:HikariPool-1 - Shutdown initiated...
2023-04-15 15:24:16,842 INFO  [SpringApplicationShutdownHook] com.zaxxer.hikari.HikariDataSource:HikariPool-1 - Shutdown completed.
2023-04-15 15:25:13,050 INFO  [restartedMain] com.runners.cinema.CinemaApplication:Starting CinemaApplication using Java 11.0.16 on fatma with PID 9820 (C:\Users\Fatma Turan\Desktop\OrtakProje Dosyasi\Cinema-Project\target\classes started by Fatma Turan in C:\Users\Fatma Turan\Desktop\OrtakProje Dosyasi\Cinema-Project)
2023-04-15 15:25:13,052 INFO  [restartedMain] com.runners.cinema.CinemaApplication:No active profile set, falling back to 1 default profile: "default"
2023-04-15 15:25:13,125 INFO  [restartedMain] org.springframework.boot.devtools.env.DevToolsPropertyDefaultsPostProcessor:Devtools property defaults active! Set 'spring.devtools.add-properties' to 'false' to disable
2023-04-15 15:25:13,126 INFO  [restartedMain] org.springframework.boot.devtools.env.DevToolsPropertyDefaultsPostProcessor:For additional web related logging consider setting the 'logging.level.web' property to 'DEBUG'
2023-04-15 15:25:14,642 INFO  [restartedMain] org.springframework.data.repository.config.RepositoryConfigurationDelegate:Bootstrapping Spring Data JPA repositories in DEFAULT mode.
2023-04-15 15:25:14,755 INFO  [restartedMain] org.springframework.data.repository.config.RepositoryConfigurationDelegate:Finished Spring Data repository scanning in 98 ms. Found 2 JPA repository interfaces.
2023-04-15 15:25:15,941 INFO  [restartedMain] org.springframework.boot.web.embedded.tomcat.TomcatWebServer:Tomcat initialized with port(s): 8080 (http)
2023-04-15 15:25:15,959 INFO  [restartedMain] org.apache.catalina.core.StandardService:Starting service [Tomcat]
2023-04-15 15:25:15,960 INFO  [restartedMain] org.apache.catalina.core.StandardEngine:Starting Servlet engine: [Apache Tomcat/9.0.73]
2023-04-15 15:25:16,096 INFO  [restartedMain] org.apache.catalina.core.ContainerBase.[Tomcat].[localhost].[/]:Initializing Spring embedded WebApplicationContext
2023-04-15 15:25:16,097 INFO  [restartedMain] org.springframework.boot.web.servlet.context.ServletWebServerApplicationContext:Root WebApplicationContext: initialization completed in 2970 ms
2023-04-15 15:25:16,740 INFO  [restartedMain] org.hibernate.jpa.internal.util.LogHelper:HHH000204: Processing PersistenceUnitInfo [name: default]
2023-04-15 15:25:16,904 INFO  [restartedMain] org.hibernate.Version:HHH000412: Hibernate ORM core version 5.6.15.Final
2023-04-15 15:25:17,371 INFO  [restartedMain] org.hibernate.annotations.common.Version:HCANN000001: Hibernate Commons Annotations {5.1.2.Final}
2023-04-15 15:25:17,670 INFO  [restartedMain] com.zaxxer.hikari.HikariDataSource:HikariPool-1 - Starting...
2023-04-15 15:25:18,206 INFO  [restartedMain] com.zaxxer.hikari.HikariDataSource:HikariPool-1 - Start completed.
2023-04-15 15:25:18,260 INFO  [restartedMain] org.hibernate.dialect.Dialect:HHH000400: Using dialect: org.hibernate.dialect.PostgreSQLDialect
2023-04-15 15:25:21,097 INFO  [restartedMain] org.hibernate.engine.transaction.jta.platform.internal.JtaPlatformInitiator:HHH000490: Using JtaPlatform implementation: [org.hibernate.engine.transaction.jta.platform.internal.NoJtaPlatform]
2023-04-15 15:25:21,120 INFO  [restartedMain] org.springframework.orm.jpa.LocalContainerEntityManagerFactoryBean:Initialized JPA EntityManagerFactory for persistence unit 'default'
2023-04-15 15:25:22,575 INFO  [restartedMain] org.springframework.security.web.DefaultSecurityFilterChain:Will secure any request with [org.springframework.security.web.session.DisableEncodeUrlFilter@27b245ce, org.springframework.security.web.context.request.async.WebAsyncManagerIntegrationFilter@5b820df1, org.springframework.security.web.context.SecurityContextPersistenceFilter@59342e9b, org.springframework.security.web.header.HeaderWriterFilter@1df8e283, org.springframework.security.web.authentication.logout.LogoutFilter@508e1c9, com.runners.cinema.security.jwt.AuthTokenFilter@739576ad, org.springframework.security.web.savedrequest.RequestCacheAwareFilter@7e02262f, org.springframework.security.web.servletapi.SecurityContextHolderAwareRequestFilter@2c510bf4, org.springframework.security.web.authentication.AnonymousAuthenticationFilter@3c3355a2, org.springframework.security.web.session.SessionManagementFilter@1cca46c1, org.springframework.security.web.access.ExceptionTranslationFilter@592eb34f, org.springframework.security.web.access.intercept.FilterSecurityInterceptor@a8ec849]
2023-04-15 15:25:22,762 WARN  [restartedMain] org.springframework.boot.autoconfigure.orm.jpa.JpaBaseConfiguration$JpaWebConfiguration:spring.jpa.open-in-view is enabled by default. Therefore, database queries may be performed during view rendering. Explicitly configure spring.jpa.open-in-view to disable this warning
2023-04-15 15:25:23,925 INFO  [restartedMain] org.springframework.boot.devtools.autoconfigure.OptionalLiveReloadServer:LiveReload server is running on port 35729
2023-04-15 15:25:23,937 INFO  [restartedMain] org.springframework.boot.actuate.endpoint.web.EndpointLinksResolver:Exposing 14 endpoint(s) beneath base path '/actuator'
2023-04-15 15:25:24,083 INFO  [restartedMain] org.springframework.boot.web.embedded.tomcat.TomcatWebServer:Tomcat started on port(s): 8080 (http) with context path ''
2023-04-15 15:25:24,115 INFO  [restartedMain] com.runners.cinema.CinemaApplication:Started CinemaApplication in 11.879 seconds (JVM running for 12.638)
2023-04-15 15:25:33,578 INFO  [http-nio-8080-exec-1] org.apache.catalina.core.ContainerBase.[Tomcat].[localhost].[/]:Initializing Spring DispatcherServlet 'dispatcherServlet'
2023-04-15 15:25:33,828 ERROR [http-nio-8080-exec-1] com.runners.cinema.security.jwt.JwtUtils:JwtToken validation Error : JWT signature does not match locally computed signature. JWT validity cannot be asserted and should not be trusted.
2023-04-15 15:26:00,394 ERROR [http-nio-8080-exec-4] com.runners.cinema.security.jwt.AuthTokenFilter:User not found :Signed Claims JWSs are not supported.
2023-04-15 15:27:44,172 ERROR [http-nio-8080-exec-8] com.runners.cinema.security.jwt.AuthTokenFilter:User not found :Signed Claims JWSs are not supported.
2023-04-15 15:31:38,794 INFO  [SpringApplicationShutdownHook] org.springframework.orm.jpa.LocalContainerEntityManagerFactoryBean:Closing JPA EntityManagerFactory for persistence unit 'default'
2023-04-15 15:31:38,799 INFO  [SpringApplicationShutdownHook] com.zaxxer.hikari.HikariDataSource:HikariPool-1 - Shutdown initiated...
2023-04-15 15:31:38,811 INFO  [SpringApplicationShutdownHook] com.zaxxer.hikari.HikariDataSource:HikariPool-1 - Shutdown completed.
2023-04-15 15:32:35,688 INFO  [restartedMain] com.runners.cinema.CinemaApplication:Starting CinemaApplication using Java 11.0.16 on fatma with PID 19312 (C:\Users\Fatma Turan\Desktop\OrtakProje Dosyasi\Cinema-Project\target\classes started by Fatma Turan in C:\Users\Fatma Turan\Desktop\OrtakProje Dosyasi\Cinema-Project)
2023-04-15 15:32:35,689 INFO  [restartedMain] com.runners.cinema.CinemaApplication:No active profile set, falling back to 1 default profile: "default"
2023-04-15 15:32:35,769 INFO  [restartedMain] org.springframework.boot.devtools.env.DevToolsPropertyDefaultsPostProcessor:Devtools property defaults active! Set 'spring.devtools.add-properties' to 'false' to disable
2023-04-15 15:32:35,769 INFO  [restartedMain] org.springframework.boot.devtools.env.DevToolsPropertyDefaultsPostProcessor:For additional web related logging consider setting the 'logging.level.web' property to 'DEBUG'
2023-04-15 15:32:37,106 INFO  [restartedMain] org.springframework.data.repository.config.RepositoryConfigurationDelegate:Bootstrapping Spring Data JPA repositories in DEFAULT mode.
2023-04-15 15:32:37,214 INFO  [restartedMain] org.springframework.data.repository.config.RepositoryConfigurationDelegate:Finished Spring Data repository scanning in 95 ms. Found 2 JPA repository interfaces.
2023-04-15 15:32:39,051 INFO  [restartedMain] org.springframework.boot.web.embedded.tomcat.TomcatWebServer:Tomcat initialized with port(s): 8080 (http)
2023-04-15 15:32:39,082 INFO  [restartedMain] org.apache.catalina.core.StandardService:Starting service [Tomcat]
2023-04-15 15:32:39,084 INFO  [restartedMain] org.apache.catalina.core.StandardEngine:Starting Servlet engine: [Apache Tomcat/9.0.73]
2023-04-15 15:32:39,334 INFO  [restartedMain] org.apache.catalina.core.ContainerBase.[Tomcat].[localhost].[/]:Initializing Spring embedded WebApplicationContext
2023-04-15 15:32:39,335 INFO  [restartedMain] org.springframework.boot.web.servlet.context.ServletWebServerApplicationContext:Root WebApplicationContext: initialization completed in 3565 ms
2023-04-15 15:32:40,072 INFO  [restartedMain] org.hibernate.jpa.internal.util.LogHelper:HHH000204: Processing PersistenceUnitInfo [name: default]
2023-04-15 15:32:40,246 INFO  [restartedMain] org.hibernate.Version:HHH000412: Hibernate ORM core version 5.6.15.Final
2023-04-15 15:32:40,677 INFO  [restartedMain] org.hibernate.annotations.common.Version:HCANN000001: Hibernate Commons Annotations {5.1.2.Final}
2023-04-15 15:32:40,976 INFO  [restartedMain] com.zaxxer.hikari.HikariDataSource:HikariPool-1 - Starting...
2023-04-15 15:32:41,526 INFO  [restartedMain] com.zaxxer.hikari.HikariDataSource:HikariPool-1 - Start completed.
2023-04-15 15:32:41,584 INFO  [restartedMain] org.hibernate.dialect.Dialect:HHH000400: Using dialect: org.hibernate.dialect.PostgreSQLDialect
2023-04-15 15:32:44,387 INFO  [restartedMain] org.hibernate.engine.transaction.jta.platform.internal.JtaPlatformInitiator:HHH000490: Using JtaPlatform implementation: [org.hibernate.engine.transaction.jta.platform.internal.NoJtaPlatform]
2023-04-15 15:32:44,408 INFO  [restartedMain] org.springframework.orm.jpa.LocalContainerEntityManagerFactoryBean:Initialized JPA EntityManagerFactory for persistence unit 'default'
2023-04-15 15:32:45,923 INFO  [restartedMain] org.springframework.security.web.DefaultSecurityFilterChain:Will secure any request with [org.springframework.security.web.session.DisableEncodeUrlFilter@62c2029f, org.springframework.security.web.context.request.async.WebAsyncManagerIntegrationFilter@4a72c94c, org.springframework.security.web.context.SecurityContextPersistenceFilter@71f66f81, org.springframework.security.web.header.HeaderWriterFilter@262622a9, org.springframework.security.web.authentication.logout.LogoutFilter@1fac98dd, com.runners.cinema.security.jwt.AuthTokenFilter@267ed389, org.springframework.security.web.savedrequest.RequestCacheAwareFilter@56ad051b, org.springframework.security.web.servletapi.SecurityContextHolderAwareRequestFilter@67003742, org.springframework.security.web.authentication.AnonymousAuthenticationFilter@5ba1c708, org.springframework.security.web.session.SessionManagementFilter@5f9ff8e6, org.springframework.security.web.access.ExceptionTranslationFilter@a990b1f, org.springframework.security.web.access.intercept.FilterSecurityInterceptor@3be27f54]
2023-04-15 15:32:46,040 WARN  [restartedMain] org.springframework.boot.autoconfigure.orm.jpa.JpaBaseConfiguration$JpaWebConfiguration:spring.jpa.open-in-view is enabled by default. Therefore, database queries may be performed during view rendering. Explicitly configure spring.jpa.open-in-view to disable this warning
2023-04-15 15:32:47,261 INFO  [restartedMain] org.springframework.boot.devtools.autoconfigure.OptionalLiveReloadServer:LiveReload server is running on port 35729
2023-04-15 15:32:47,277 INFO  [restartedMain] org.springframework.boot.actuate.endpoint.web.EndpointLinksResolver:Exposing 14 endpoint(s) beneath base path '/actuator'
2023-04-15 15:32:47,396 INFO  [restartedMain] org.springframework.boot.web.embedded.tomcat.TomcatWebServer:Tomcat started on port(s): 8080 (http) with context path ''
2023-04-15 15:32:47,455 INFO  [restartedMain] com.runners.cinema.CinemaApplication:Started CinemaApplication in 12.449 seconds (JVM running for 13.202)
2023-04-15 15:32:52,995 INFO  [http-nio-8080-exec-2] org.apache.catalina.core.ContainerBase.[Tomcat].[localhost].[/]:Initializing Spring DispatcherServlet 'dispatcherServlet'
2023-04-15 15:32:53,283 ERROR [http-nio-8080-exec-2] com.runners.cinema.security.jwt.AuthTokenFilter:User not found :Signed Claims JWSs are not supported.
2023-04-15 15:32:56,923 ERROR [http-nio-8080-exec-3] com.runners.cinema.security.jwt.AuthTokenFilter:User not found :Signed Claims JWSs are not supported.
2023-04-15 15:33:19,032 ERROR [http-nio-8080-exec-4] com.runners.cinema.security.jwt.AuthTokenFilter:User not found :Signed Claims JWSs are not supported.
2023-04-15 15:35:56,298 INFO  [SpringApplicationShutdownHook] org.springframework.orm.jpa.LocalContainerEntityManagerFactoryBean:Closing JPA EntityManagerFactory for persistence unit 'default'
2023-04-15 15:35:56,312 INFO  [SpringApplicationShutdownHook] com.zaxxer.hikari.HikariDataSource:HikariPool-1 - Shutdown initiated...
2023-04-15 15:35:56,336 INFO  [SpringApplicationShutdownHook] com.zaxxer.hikari.HikariDataSource:HikariPool-1 - Shutdown completed.
2023-04-15 15:36:10,624 INFO  [restartedMain] com.runners.cinema.CinemaApplication:Starting CinemaApplication using Java 11.0.16 on fatma with PID 14328 (C:\Users\Fatma Turan\Desktop\OrtakProje Dosyasi\Cinema-Project\target\classes started by Fatma Turan in C:\Users\Fatma Turan\Desktop\OrtakProje Dosyasi\Cinema-Project)
2023-04-15 15:36:10,626 INFO  [restartedMain] com.runners.cinema.CinemaApplication:No active profile set, falling back to 1 default profile: "default"
2023-04-15 15:36:10,711 INFO  [restartedMain] org.springframework.boot.devtools.env.DevToolsPropertyDefaultsPostProcessor:Devtools property defaults active! Set 'spring.devtools.add-properties' to 'false' to disable
2023-04-15 15:36:10,711 INFO  [restartedMain] org.springframework.boot.devtools.env.DevToolsPropertyDefaultsPostProcessor:For additional web related logging consider setting the 'logging.level.web' property to 'DEBUG'
2023-04-15 15:36:12,225 INFO  [restartedMain] org.springframework.data.repository.config.RepositoryConfigurationDelegate:Bootstrapping Spring Data JPA repositories in DEFAULT mode.
2023-04-15 15:36:12,320 INFO  [restartedMain] org.springframework.data.repository.config.RepositoryConfigurationDelegate:Finished Spring Data repository scanning in 83 ms. Found 2 JPA repository interfaces.
2023-04-15 15:36:13,584 INFO  [restartedMain] org.springframework.boot.web.embedded.tomcat.TomcatWebServer:Tomcat initialized with port(s): 8080 (http)
2023-04-15 15:36:13,598 INFO  [restartedMain] org.apache.catalina.core.StandardService:Starting service [Tomcat]
2023-04-15 15:36:13,598 INFO  [restartedMain] org.apache.catalina.core.StandardEngine:Starting Servlet engine: [Apache Tomcat/9.0.73]
2023-04-15 15:36:13,717 INFO  [restartedMain] org.apache.catalina.core.ContainerBase.[Tomcat].[localhost].[/]:Initializing Spring embedded WebApplicationContext
2023-04-15 15:36:13,717 INFO  [restartedMain] org.springframework.boot.web.servlet.context.ServletWebServerApplicationContext:Root WebApplicationContext: initialization completed in 3005 ms
2023-04-15 15:36:14,282 INFO  [restartedMain] org.hibernate.jpa.internal.util.LogHelper:HHH000204: Processing PersistenceUnitInfo [name: default]
2023-04-15 15:36:14,372 INFO  [restartedMain] org.hibernate.Version:HHH000412: Hibernate ORM core version 5.6.15.Final
2023-04-15 15:36:14,676 INFO  [restartedMain] org.hibernate.annotations.common.Version:HCANN000001: Hibernate Commons Annotations {5.1.2.Final}
2023-04-15 15:36:14,834 INFO  [restartedMain] com.zaxxer.hikari.HikariDataSource:HikariPool-1 - Starting...
2023-04-15 15:36:15,101 INFO  [restartedMain] com.zaxxer.hikari.HikariDataSource:HikariPool-1 - Start completed.
2023-04-15 15:36:15,129 INFO  [restartedMain] org.hibernate.dialect.Dialect:HHH000400: Using dialect: org.hibernate.dialect.PostgreSQLDialect
2023-04-15 15:36:17,920 INFO  [restartedMain] org.hibernate.engine.transaction.jta.platform.internal.JtaPlatformInitiator:HHH000490: Using JtaPlatform implementation: [org.hibernate.engine.transaction.jta.platform.internal.NoJtaPlatform]
2023-04-15 15:36:17,944 INFO  [restartedMain] org.springframework.orm.jpa.LocalContainerEntityManagerFactoryBean:Initialized JPA EntityManagerFactory for persistence unit 'default'
2023-04-15 15:36:19,466 INFO  [restartedMain] org.springframework.security.web.DefaultSecurityFilterChain:Will secure any request with [org.springframework.security.web.session.DisableEncodeUrlFilter@67d2398c, org.springframework.security.web.context.request.async.WebAsyncManagerIntegrationFilter@2d893a32, org.springframework.security.web.context.SecurityContextPersistenceFilter@e246b30, org.springframework.security.web.header.HeaderWriterFilter@6e96a7b5, org.springframework.security.web.authentication.logout.LogoutFilter@51fa3c37, com.runners.cinema.security.jwt.AuthTokenFilter@28b2d50c, org.springframework.security.web.savedrequest.RequestCacheAwareFilter@7477a414, org.springframework.security.web.servletapi.SecurityContextHolderAwareRequestFilter@852ed09, org.springframework.security.web.authentication.AnonymousAuthenticationFilter@99b53ee, org.springframework.security.web.session.SessionManagementFilter@46aee114, org.springframework.security.web.access.ExceptionTranslationFilter@596f189e, org.springframework.security.web.access.intercept.FilterSecurityInterceptor@5463ce5a]
2023-04-15 15:36:19,592 WARN  [restartedMain] org.springframework.boot.autoconfigure.orm.jpa.JpaBaseConfiguration$JpaWebConfiguration:spring.jpa.open-in-view is enabled by default. Therefore, database queries may be performed during view rendering. Explicitly configure spring.jpa.open-in-view to disable this warning
2023-04-15 15:36:20,816 INFO  [restartedMain] org.springframework.boot.devtools.autoconfigure.OptionalLiveReloadServer:LiveReload server is running on port 35729
2023-04-15 15:36:20,833 INFO  [restartedMain] org.springframework.boot.actuate.endpoint.web.EndpointLinksResolver:Exposing 14 endpoint(s) beneath base path '/actuator'
2023-04-15 15:36:20,958 INFO  [restartedMain] org.springframework.boot.web.embedded.tomcat.TomcatWebServer:Tomcat started on port(s): 8080 (http) with context path ''
2023-04-15 15:36:20,992 INFO  [restartedMain] com.runners.cinema.CinemaApplication:Started CinemaApplication in 11.091 seconds (JVM running for 11.949)
2023-04-15 15:37:13,342 INFO  [http-nio-8080-exec-1] org.apache.catalina.core.ContainerBase.[Tomcat].[localhost].[/]:Initializing Spring DispatcherServlet 'dispatcherServlet'
2023-04-15 15:37:47,685 INFO  [SpringApplicationShutdownHook] org.springframework.orm.jpa.LocalContainerEntityManagerFactoryBean:Closing JPA EntityManagerFactory for persistence unit 'default'
2023-04-15 15:37:47,714 INFO  [SpringApplicationShutdownHook] com.zaxxer.hikari.HikariDataSource:HikariPool-1 - Shutdown initiated...
2023-04-15 15:37:47,735 INFO  [SpringApplicationShutdownHook] com.zaxxer.hikari.HikariDataSource:HikariPool-1 - Shutdown completed.
2023-04-15 15:37:59,307 INFO  [restartedMain] com.runners.cinema.CinemaApplication:Starting CinemaApplication using Java 11.0.16 on fatma with PID 9924 (C:\Users\Fatma Turan\Desktop\OrtakProje Dosyasi\Cinema-Project\target\classes started by Fatma Turan in C:\Users\Fatma Turan\Desktop\OrtakProje Dosyasi\Cinema-Project)
2023-04-15 15:37:59,311 INFO  [restartedMain] com.runners.cinema.CinemaApplication:No active profile set, falling back to 1 default profile: "default"
2023-04-15 15:37:59,461 INFO  [restartedMain] org.springframework.boot.devtools.env.DevToolsPropertyDefaultsPostProcessor:Devtools property defaults active! Set 'spring.devtools.add-properties' to 'false' to disable
2023-04-15 15:37:59,462 INFO  [restartedMain] org.springframework.boot.devtools.env.DevToolsPropertyDefaultsPostProcessor:For additional web related logging consider setting the 'logging.level.web' property to 'DEBUG'
2023-04-15 15:38:00,929 INFO  [restartedMain] org.springframework.data.repository.config.RepositoryConfigurationDelegate:Bootstrapping Spring Data JPA repositories in DEFAULT mode.
2023-04-15 15:38:01,021 INFO  [restartedMain] org.springframework.data.repository.config.RepositoryConfigurationDelegate:Finished Spring Data repository scanning in 78 ms. Found 2 JPA repository interfaces.
2023-04-15 15:38:02,085 INFO  [restartedMain] org.springframework.boot.web.embedded.tomcat.TomcatWebServer:Tomcat initialized with port(s): 8080 (http)
2023-04-15 15:38:02,099 INFO  [restartedMain] org.apache.catalina.core.StandardService:Starting service [Tomcat]
2023-04-15 15:38:02,100 INFO  [restartedMain] org.apache.catalina.core.StandardEngine:Starting Servlet engine: [Apache Tomcat/9.0.73]
2023-04-15 15:38:02,224 INFO  [restartedMain] org.apache.catalina.core.ContainerBase.[Tomcat].[localhost].[/]:Initializing Spring embedded WebApplicationContext
2023-04-15 15:38:02,225 INFO  [restartedMain] org.springframework.boot.web.servlet.context.ServletWebServerApplicationContext:Root WebApplicationContext: initialization completed in 2762 ms
2023-04-15 15:38:02,651 INFO  [restartedMain] org.hibernate.jpa.internal.util.LogHelper:HHH000204: Processing PersistenceUnitInfo [name: default]
2023-04-15 15:38:02,719 INFO  [restartedMain] org.hibernate.Version:HHH000412: Hibernate ORM core version 5.6.15.Final
2023-04-15 15:38:02,947 INFO  [restartedMain] org.hibernate.annotations.common.Version:HCANN000001: Hibernate Commons Annotations {5.1.2.Final}
2023-04-15 15:38:03,103 INFO  [restartedMain] com.zaxxer.hikari.HikariDataSource:HikariPool-1 - Starting...
2023-04-15 15:38:03,343 INFO  [restartedMain] com.zaxxer.hikari.HikariDataSource:HikariPool-1 - Start completed.
2023-04-15 15:38:03,365 INFO  [restartedMain] org.hibernate.dialect.Dialect:HHH000400: Using dialect: org.hibernate.dialect.PostgreSQLDialect
2023-04-15 15:38:05,692 INFO  [restartedMain] org.hibernate.engine.transaction.jta.platform.internal.JtaPlatformInitiator:HHH000490: Using JtaPlatform implementation: [org.hibernate.engine.transaction.jta.platform.internal.NoJtaPlatform]
2023-04-15 15:38:05,718 INFO  [restartedMain] org.springframework.orm.jpa.LocalContainerEntityManagerFactoryBean:Initialized JPA EntityManagerFactory for persistence unit 'default'
2023-04-15 15:38:07,230 INFO  [restartedMain] org.springframework.security.web.DefaultSecurityFilterChain:Will secure any request with [org.springframework.security.web.session.DisableEncodeUrlFilter@47e1f13f, org.springframework.security.web.context.request.async.WebAsyncManagerIntegrationFilter@110bf698, org.springframework.security.web.context.SecurityContextPersistenceFilter@26dcffd2, org.springframework.security.web.header.HeaderWriterFilter@14a3150a, org.springframework.security.web.authentication.logout.LogoutFilter@38dc6e51, com.runners.cinema.security.jwt.AuthTokenFilter@12861a1, org.springframework.security.web.savedrequest.RequestCacheAwareFilter@10907f9f, org.springframework.security.web.servletapi.SecurityContextHolderAwareRequestFilter@4a878eee, org.springframework.security.web.authentication.AnonymousAuthenticationFilter@4759b921, org.springframework.security.web.session.SessionManagementFilter@480f0f68, org.springframework.security.web.access.ExceptionTranslationFilter@55bfabfb, org.springframework.security.web.access.intercept.FilterSecurityInterceptor@6da77368]
2023-04-15 15:38:07,361 WARN  [restartedMain] org.springframework.boot.autoconfigure.orm.jpa.JpaBaseConfiguration$JpaWebConfiguration:spring.jpa.open-in-view is enabled by default. Therefore, database queries may be performed during view rendering. Explicitly configure spring.jpa.open-in-view to disable this warning
2023-04-15 15:38:08,756 INFO  [restartedMain] org.springframework.boot.devtools.autoconfigure.OptionalLiveReloadServer:LiveReload server is running on port 35729
2023-04-15 15:38:08,774 INFO  [restartedMain] org.springframework.boot.actuate.endpoint.web.EndpointLinksResolver:Exposing 14 endpoint(s) beneath base path '/actuator'
2023-04-15 15:38:08,943 INFO  [restartedMain] org.springframework.boot.web.embedded.tomcat.TomcatWebServer:Tomcat started on port(s): 8080 (http) with context path ''
2023-04-15 15:38:08,991 INFO  [restartedMain] com.runners.cinema.CinemaApplication:Started CinemaApplication in 10.996 seconds (JVM running for 12.391)
2023-04-15 15:38:13,263 INFO  [http-nio-8080-exec-1] org.apache.catalina.core.ContainerBase.[Tomcat].[localhost].[/]:Initializing Spring DispatcherServlet 'dispatcherServlet'
2023-04-15 15:39:21,571 INFO  [SpringApplicationShutdownHook] org.springframework.orm.jpa.LocalContainerEntityManagerFactoryBean:Closing JPA EntityManagerFactory for persistence unit 'default'
2023-04-15 15:39:21,584 INFO  [SpringApplicationShutdownHook] com.zaxxer.hikari.HikariDataSource:HikariPool-1 - Shutdown initiated...
2023-04-15 15:39:21,603 INFO  [SpringApplicationShutdownHook] com.zaxxer.hikari.HikariDataSource:HikariPool-1 - Shutdown completed.
